analyze	Set up job	﻿2026-01-06T13:37:36.0706118Z Current runner version: '2.330.0'
analyze	Set up job	2026-01-06T13:37:36.0767067Z ##[group]Runner Image Provisioner
analyze	Set up job	2026-01-06T13:37:36.0768277Z Hosted Compute Agent
analyze	Set up job	2026-01-06T13:37:36.0769102Z Version: 20251211.462
analyze	Set up job	2026-01-06T13:37:36.0770105Z Commit: 6cbad8c2bb55d58165063d031ccabf57e2d2db61
analyze	Set up job	2026-01-06T13:37:36.0771239Z Build Date: 2025-12-11T16:28:49Z
analyze	Set up job	2026-01-06T13:37:36.0772409Z Worker ID: {3f63bf8f-132c-41b6-bba2-c813c8348e0e}
analyze	Set up job	2026-01-06T13:37:36.0773532Z ##[endgroup]
analyze	Set up job	2026-01-06T13:37:36.0774342Z ##[group]Operating System
analyze	Set up job	2026-01-06T13:37:36.0775394Z Microsoft Windows Server 2025
analyze	Set up job	2026-01-06T13:37:36.0776275Z 10.0.26100
analyze	Set up job	2026-01-06T13:37:36.0776979Z Datacenter
analyze	Set up job	2026-01-06T13:37:36.0777708Z ##[endgroup]
analyze	Set up job	2026-01-06T13:37:36.0778491Z ##[group]Runner Image
analyze	Set up job	2026-01-06T13:37:36.0779299Z Image: windows-2025
analyze	Set up job	2026-01-06T13:37:36.0780207Z Version: 20251216.149.1
analyze	Set up job	2026-01-06T13:37:36.0782075Z Included Software: https://github.com/actions/runner-images/blob/win25/20251216.149/images/windows/Windows2025-Readme.md
analyze	Set up job	2026-01-06T13:37:36.0785745Z Image Release: https://github.com/actions/runner-images/releases/tag/win25%2F20251216.149
analyze	Set up job	2026-01-06T13:37:36.0787324Z ##[endgroup]
analyze	Set up job	2026-01-06T13:37:36.0789160Z ##[group]GITHUB_TOKEN Permissions
analyze	Set up job	2026-01-06T13:37:36.0791574Z Contents: read
analyze	Set up job	2026-01-06T13:37:36.0792519Z Metadata: read
analyze	Set up job	2026-01-06T13:37:36.0793316Z Packages: read
analyze	Set up job	2026-01-06T13:37:36.0794155Z ##[endgroup]
analyze	Set up job	2026-01-06T13:37:36.0796480Z Secret source: Actions
analyze	Set up job	2026-01-06T13:37:36.0797202Z Prepare workflow directory
analyze	Set up job	2026-01-06T13:37:36.1176731Z Prepare all required actions
analyze	Set up job	2026-01-06T13:37:36.1214588Z Getting action download info
analyze	Set up job	2026-01-06T13:37:36.3331687Z Download action repository 'actions/checkout@v4' (SHA:34e114876b0b11c390a56381ad16ebd13914f8d5)
analyze	Set up job	2026-01-06T13:37:36.5736619Z Complete job name: analyze
analyze	Run actions/checkout@v4	﻿2026-01-06T13:37:36.7212916Z ##[group]Run actions/checkout@v4
analyze	Run actions/checkout@v4	2026-01-06T13:37:36.7213880Z with:
analyze	Run actions/checkout@v4	2026-01-06T13:37:36.7214221Z   fetch-depth: 0
analyze	Run actions/checkout@v4	2026-01-06T13:37:36.7214605Z   repository: jxoesneon/SeedSphere
analyze	Run actions/checkout@v4	2026-01-06T13:37:36.7215243Z   token: ***
analyze	Run actions/checkout@v4	2026-01-06T13:37:36.7215581Z   ssh-strict: true
analyze	Run actions/checkout@v4	2026-01-06T13:37:36.7215927Z   ssh-user: git
analyze	Run actions/checkout@v4	2026-01-06T13:37:36.7216288Z   persist-credentials: true
analyze	Run actions/checkout@v4	2026-01-06T13:37:36.7216697Z   clean: true
analyze	Run actions/checkout@v4	2026-01-06T13:37:36.7217048Z   sparse-checkout-cone-mode: true
analyze	Run actions/checkout@v4	2026-01-06T13:37:36.7217483Z   fetch-tags: false
analyze	Run actions/checkout@v4	2026-01-06T13:37:36.7217839Z   show-progress: true
analyze	Run actions/checkout@v4	2026-01-06T13:37:36.7218192Z   lfs: false
analyze	Run actions/checkout@v4	2026-01-06T13:37:36.7218515Z   submodules: false
analyze	Run actions/checkout@v4	2026-01-06T13:37:36.7218905Z   set-safe-directory: true
analyze	Run actions/checkout@v4	2026-01-06T13:37:36.7219507Z ##[endgroup]
analyze	Run actions/checkout@v4	2026-01-06T13:37:36.8886652Z Syncing repository: jxoesneon/SeedSphere
analyze	Run actions/checkout@v4	2026-01-06T13:37:36.8888388Z ##[group]Getting Git version info
analyze	Run actions/checkout@v4	2026-01-06T13:37:36.8888958Z Working directory is 'D:\a\SeedSphere\SeedSphere'
analyze	Run actions/checkout@v4	2026-01-06T13:37:36.9945428Z [command]"C:\Program Files\Git\bin\git.exe" version
analyze	Run actions/checkout@v4	2026-01-06T13:37:37.4042976Z git version 2.52.0.windows.1
analyze	Run actions/checkout@v4	2026-01-06T13:37:37.4097343Z ##[endgroup]
analyze	Run actions/checkout@v4	2026-01-06T13:37:37.4118685Z Temporarily overriding HOME='D:\a\_temp\ea8a40ba-8173-4e7a-91f1-855dc7d2bb45' before making global git config changes
analyze	Run actions/checkout@v4	2026-01-06T13:37:37.4119942Z Adding repository directory to the temporary git global config as a safe directory
analyze	Run actions/checkout@v4	2026-01-06T13:37:37.4129840Z [command]"C:\Program Files\Git\bin\git.exe" config --global --add safe.directory D:\a\SeedSphere\SeedSphere
analyze	Run actions/checkout@v4	2026-01-06T13:37:37.4706254Z Deleting the contents of 'D:\a\SeedSphere\SeedSphere'
analyze	Run actions/checkout@v4	2026-01-06T13:37:37.4712790Z ##[group]Initializing the repository
analyze	Run actions/checkout@v4	2026-01-06T13:37:37.4721911Z [command]"C:\Program Files\Git\bin\git.exe" init D:\a\SeedSphere\SeedSphere
analyze	Run actions/checkout@v4	2026-01-06T13:37:37.5653118Z Initialized empty Git repository in D:/a/SeedSphere/SeedSphere/.git/
analyze	Run actions/checkout@v4	2026-01-06T13:37:37.5698624Z [command]"C:\Program Files\Git\bin\git.exe" remote add origin https://github.com/jxoesneon/SeedSphere
analyze	Run actions/checkout@v4	2026-01-06T13:37:37.6313811Z ##[endgroup]
analyze	Run actions/checkout@v4	2026-01-06T13:37:37.6314543Z ##[group]Disabling automatic garbage collection
analyze	Run actions/checkout@v4	2026-01-06T13:37:37.6323451Z [command]"C:\Program Files\Git\bin\git.exe" config --local gc.auto 0
analyze	Run actions/checkout@v4	2026-01-06T13:37:37.6627583Z ##[endgroup]
analyze	Run actions/checkout@v4	2026-01-06T13:37:37.6628746Z ##[group]Setting up auth
analyze	Run actions/checkout@v4	2026-01-06T13:37:37.6647868Z [command]"C:\Program Files\Git\bin\git.exe" config --local --name-only --get-regexp core\.sshCommand
analyze	Run actions/checkout@v4	2026-01-06T13:37:37.6981919Z [command]"C:\Program Files\Git\bin\git.exe" submodule foreach --recursive "sh -c \"git config --local --name-only --get-regexp 'core\.sshCommand' && git config --local --unset-all 'core.sshCommand' || :\""
analyze	Run actions/checkout@v4	2026-01-06T13:37:39.1674089Z [command]"C:\Program Files\Git\bin\git.exe" config --local --name-only --get-regexp http\.https\:\/\/github\.com\/\.extraheader
analyze	Run actions/checkout@v4	2026-01-06T13:37:39.1961709Z [command]"C:\Program Files\Git\bin\git.exe" submodule foreach --recursive "sh -c \"git config --local --name-only --get-regexp 'http\.https\:\/\/github\.com\/\.extraheader' && git config --local --unset-all 'http.https://github.com/.extraheader' || :\""
analyze	Run actions/checkout@v4	2026-01-06T13:37:39.6875315Z [command]"C:\Program Files\Git\bin\git.exe" config --local --name-only --get-regexp ^includeIf\.gitdir:
analyze	Run actions/checkout@v4	2026-01-06T13:37:39.7160971Z [command]"C:\Program Files\Git\bin\git.exe" submodule foreach --recursive "git config --local --show-origin --name-only --get-regexp remote.origin.url"
analyze	Run actions/checkout@v4	2026-01-06T13:37:40.2115700Z [command]"C:\Program Files\Git\bin\git.exe" config --local http.https://github.com/.extraheader "AUTHORIZATION: basic ***"
analyze	Run actions/checkout@v4	2026-01-06T13:37:40.2424822Z ##[endgroup]
analyze	Run actions/checkout@v4	2026-01-06T13:37:40.2425951Z ##[group]Fetching the repository
analyze	Run actions/checkout@v4	2026-01-06T13:37:40.2439729Z [command]"C:\Program Files\Git\bin\git.exe" -c protocol.version=2 fetch --prune --no-recurse-submodules origin +refs/heads/*:refs/remotes/origin/* +refs/tags/*:refs/tags/*
analyze	Run actions/checkout@v4	2026-01-06T13:37:41.3375201Z From https://github.com/jxoesneon/SeedSphere
analyze	Run actions/checkout@v4	2026-01-06T13:37:41.3376201Z  * [new branch]      dependabot/github_actions/actions/cache-5 -> origin/dependabot/github_actions/actions/cache-5
analyze	Run actions/checkout@v4	2026-01-06T13:37:41.3379929Z  * [new branch]      dependabot/github_actions/actions/download-artifact-7 -> origin/dependabot/github_actions/actions/download-artifact-7
analyze	Run actions/checkout@v4	2026-01-06T13:37:41.3381005Z  * [new branch]      dependabot/github_actions/actions/setup-java-5 -> origin/dependabot/github_actions/actions/setup-java-5
analyze	Run actions/checkout@v4	2026-01-06T13:37:41.3381989Z  * [new branch]      dependabot/github_actions/actions/upload-artifact-6 -> origin/dependabot/github_actions/actions/upload-artifact-6
analyze	Run actions/checkout@v4	2026-01-06T13:37:41.3383171Z  * [new branch]      dependabot/github_actions/uraimo/run-on-arch-action-3 -> origin/dependabot/github_actions/uraimo/run-on-arch-action-3
analyze	Run actions/checkout@v4	2026-01-06T13:37:41.3385116Z  * [new branch]      dependabot/npm_and_yarn/bridge/cloudflare/workers-types-4.20260103.0 -> origin/dependabot/npm_and_yarn/bridge/cloudflare/workers-types-4.20260103.0
analyze	Run actions/checkout@v4	2026-01-06T13:37:41.3386836Z  * [new branch]      dependabot/npm_and_yarn/bridge/vitest-4.0.16 -> origin/dependabot/npm_and_yarn/bridge/vitest-4.0.16
analyze	Run actions/checkout@v4	2026-01-06T13:37:41.3387913Z  * [new branch]      main       -> origin/main
analyze	Run actions/checkout@v4	2026-01-06T13:37:41.3388455Z  * [new tag]         v0.0.9     -> v0.0.9
analyze	Run actions/checkout@v4	2026-01-06T13:37:41.3388954Z  * [new tag]         v1.0.0     -> v1.0.0
analyze	Run actions/checkout@v4	2026-01-06T13:37:41.3389399Z  * [new tag]         v1.0.1     -> v1.0.1
analyze	Run actions/checkout@v4	2026-01-06T13:37:41.3389853Z  * [new tag]         v1.9.0     -> v1.9.0
analyze	Run actions/checkout@v4	2026-01-06T13:37:41.3390900Z  * [new tag]         v1.9.1     -> v1.9.1
analyze	Run actions/checkout@v4	2026-01-06T13:37:41.3391455Z  * [new tag]         v1.9.10    -> v1.9.10
analyze	Run actions/checkout@v4	2026-01-06T13:37:41.3391950Z  * [new tag]         v1.9.11    -> v1.9.11
analyze	Run actions/checkout@v4	2026-01-06T13:37:41.3392413Z  * [new tag]         v1.9.12    -> v1.9.12
analyze	Run actions/checkout@v4	2026-01-06T13:37:41.3393002Z  * [new tag]         v1.9.13    -> v1.9.13
analyze	Run actions/checkout@v4	2026-01-06T13:37:41.3393522Z  * [new tag]         v1.9.14    -> v1.9.14
analyze	Run actions/checkout@v4	2026-01-06T13:37:41.3393969Z  * [new tag]         v1.9.15    -> v1.9.15
analyze	Run actions/checkout@v4	2026-01-06T13:37:41.3394400Z  * [new tag]         v1.9.16    -> v1.9.16
analyze	Run actions/checkout@v4	2026-01-06T13:37:41.3394863Z  * [new tag]         v1.9.17    -> v1.9.17
analyze	Run actions/checkout@v4	2026-01-06T13:37:41.3395287Z  * [new tag]         v1.9.18    -> v1.9.18
analyze	Run actions/checkout@v4	2026-01-06T13:37:41.3395709Z  * [new tag]         v1.9.19    -> v1.9.19
analyze	Run actions/checkout@v4	2026-01-06T13:37:41.3397049Z  * [new tag]         v1.9.2     -> v1.9.2
analyze	Run actions/checkout@v4	2026-01-06T13:37:41.3397486Z  * [new tag]         v1.9.20    -> v1.9.20
analyze	Run actions/checkout@v4	2026-01-06T13:37:41.3397949Z  * [new tag]         v1.9.21    -> v1.9.21
analyze	Run actions/checkout@v4	2026-01-06T13:37:41.3398397Z  * [new tag]         v1.9.22    -> v1.9.22
analyze	Run actions/checkout@v4	2026-01-06T13:37:41.3398880Z  * [new tag]         v1.9.23    -> v1.9.23
analyze	Run actions/checkout@v4	2026-01-06T13:37:41.3399189Z  * [new tag]         v1.9.24    -> v1.9.24
analyze	Run actions/checkout@v4	2026-01-06T13:37:41.3399453Z  * [new tag]         v1.9.25    -> v1.9.25
analyze	Run actions/checkout@v4	2026-01-06T13:37:41.3399722Z  * [new tag]         v1.9.26    -> v1.9.26
analyze	Run actions/checkout@v4	2026-01-06T13:37:41.3400083Z  * [new tag]         v1.9.27    -> v1.9.27
analyze	Run actions/checkout@v4	2026-01-06T13:37:41.3400361Z  * [new tag]         v1.9.28    -> v1.9.28
analyze	Run actions/checkout@v4	2026-01-06T13:37:41.3400625Z  * [new tag]         v1.9.29    -> v1.9.29
analyze	Run actions/checkout@v4	2026-01-06T13:37:41.3400905Z  * [new tag]         v1.9.3     -> v1.9.3
analyze	Run actions/checkout@v4	2026-01-06T13:37:41.3401159Z  * [new tag]         v1.9.30    -> v1.9.30
analyze	Run actions/checkout@v4	2026-01-06T13:37:41.3401411Z  * [new tag]         v1.9.31    -> v1.9.31
analyze	Run actions/checkout@v4	2026-01-06T13:37:41.3401668Z  * [new tag]         v1.9.32    -> v1.9.32
analyze	Run actions/checkout@v4	2026-01-06T13:37:41.3402117Z  * [new tag]         v1.9.33    -> v1.9.33
analyze	Run actions/checkout@v4	2026-01-06T13:37:41.3402575Z  * [new tag]         v1.9.34    -> v1.9.34
analyze	Run actions/checkout@v4	2026-01-06T13:37:41.3403015Z  * [new tag]         v1.9.35    -> v1.9.35
analyze	Run actions/checkout@v4	2026-01-06T13:37:41.3403490Z  * [new tag]         v1.9.36    -> v1.9.36
analyze	Run actions/checkout@v4	2026-01-06T13:37:41.3404032Z  * [new tag]         v1.9.37    -> v1.9.37
analyze	Run actions/checkout@v4	2026-01-06T13:37:41.3404471Z  * [new tag]         v1.9.38    -> v1.9.38
analyze	Run actions/checkout@v4	2026-01-06T13:37:41.3404911Z  * [new tag]         v1.9.39    -> v1.9.39
analyze	Run actions/checkout@v4	2026-01-06T13:37:41.3405344Z  * [new tag]         v1.9.4     -> v1.9.4
analyze	Run actions/checkout@v4	2026-01-06T13:37:41.3405801Z  * [new tag]         v1.9.40    -> v1.9.40
analyze	Run actions/checkout@v4	2026-01-06T13:37:41.3406254Z  * [new tag]         v1.9.41    -> v1.9.41
analyze	Run actions/checkout@v4	2026-01-06T13:37:41.3407684Z  * [new tag]         v1.9.42    -> v1.9.42
analyze	Run actions/checkout@v4	2026-01-06T13:37:41.3408146Z  * [new tag]         v1.9.43    -> v1.9.43
analyze	Run actions/checkout@v4	2026-01-06T13:37:41.3408593Z  * [new tag]         v1.9.44    -> v1.9.44
analyze	Run actions/checkout@v4	2026-01-06T13:37:41.3409064Z  * [new tag]         v1.9.45    -> v1.9.45
analyze	Run actions/checkout@v4	2026-01-06T13:37:41.3409522Z  * [new tag]         v1.9.46    -> v1.9.46
analyze	Run actions/checkout@v4	2026-01-06T13:37:41.3410001Z  * [new tag]         v1.9.47    -> v1.9.47
analyze	Run actions/checkout@v4	2026-01-06T13:37:41.3410825Z  * [new tag]         v1.9.48    -> v1.9.48
analyze	Run actions/checkout@v4	2026-01-06T13:37:41.3411307Z  * [new tag]         v1.9.49    -> v1.9.49
analyze	Run actions/checkout@v4	2026-01-06T13:37:41.3411795Z  * [new tag]         v1.9.5     -> v1.9.5
analyze	Run actions/checkout@v4	2026-01-06T13:37:41.3412261Z  * [new tag]         v1.9.50    -> v1.9.50
analyze	Run actions/checkout@v4	2026-01-06T13:37:41.3412747Z  * [new tag]         v1.9.51    -> v1.9.51
analyze	Run actions/checkout@v4	2026-01-06T13:37:41.3413214Z  * [new tag]         v1.9.52    -> v1.9.52
analyze	Run actions/checkout@v4	2026-01-06T13:37:41.3413662Z  * [new tag]         v1.9.53    -> v1.9.53
analyze	Run actions/checkout@v4	2026-01-06T13:37:41.3414107Z  * [new tag]         v1.9.54    -> v1.9.54
analyze	Run actions/checkout@v4	2026-01-06T13:37:41.3414586Z  * [new tag]         v1.9.55    -> v1.9.55
analyze	Run actions/checkout@v4	2026-01-06T13:37:41.3415049Z  * [new tag]         v1.9.56    -> v1.9.56
analyze	Run actions/checkout@v4	2026-01-06T13:37:41.3415519Z  * [new tag]         v1.9.57    -> v1.9.57
analyze	Run actions/checkout@v4	2026-01-06T13:37:41.3415992Z  * [new tag]         v1.9.58    -> v1.9.58
analyze	Run actions/checkout@v4	2026-01-06T13:37:41.3416452Z  * [new tag]         v1.9.59    -> v1.9.59
analyze	Run actions/checkout@v4	2026-01-06T13:37:41.3416918Z  * [new tag]         v1.9.6     -> v1.9.6
analyze	Run actions/checkout@v4	2026-01-06T13:37:41.3417357Z  * [new tag]         v1.9.60    -> v1.9.60
analyze	Run actions/checkout@v4	2026-01-06T13:37:41.3417835Z  * [new tag]         v1.9.7     -> v1.9.7
analyze	Run actions/checkout@v4	2026-01-06T13:37:41.3418266Z  * [new tag]         v1.9.8     -> v1.9.8
analyze	Run actions/checkout@v4	2026-01-06T13:37:41.3418705Z  * [new tag]         v1.9.9     -> v1.9.9
analyze	Run actions/checkout@v4	2026-01-06T13:37:41.3672129Z [command]"C:\Program Files\Git\bin\git.exe" branch --list --remote origin/main
analyze	Run actions/checkout@v4	2026-01-06T13:37:41.4010282Z   origin/main
analyze	Run actions/checkout@v4	2026-01-06T13:37:41.4052101Z [command]"C:\Program Files\Git\bin\git.exe" rev-parse refs/remotes/origin/main
analyze	Run actions/checkout@v4	2026-01-06T13:37:41.4301104Z 5408387db1ce80dd74d8059371b88253b08a4f9c
analyze	Run actions/checkout@v4	2026-01-06T13:37:41.4330975Z ##[endgroup]
analyze	Run actions/checkout@v4	2026-01-06T13:37:41.4331453Z ##[group]Determining the checkout info
analyze	Run actions/checkout@v4	2026-01-06T13:37:41.4333265Z ##[endgroup]
analyze	Run actions/checkout@v4	2026-01-06T13:37:41.4342929Z [command]"C:\Program Files\Git\bin\git.exe" sparse-checkout disable
analyze	Run actions/checkout@v4	2026-01-06T13:37:41.4795269Z [command]"C:\Program Files\Git\bin\git.exe" config --local --unset-all extensions.worktreeConfig
analyze	Run actions/checkout@v4	2026-01-06T13:37:41.5089729Z ##[group]Checking out the ref
analyze	Run actions/checkout@v4	2026-01-06T13:37:41.5100129Z [command]"C:\Program Files\Git\bin\git.exe" checkout --progress --force -B main refs/remotes/origin/main
analyze	Run actions/checkout@v4	2026-01-06T13:37:41.7361823Z branch 'main' set up to track 'origin/main'.
analyze	Run actions/checkout@v4	2026-01-06T13:37:41.7368793Z Switched to a new branch 'main'
analyze	Run actions/checkout@v4	2026-01-06T13:37:41.7408563Z ##[endgroup]
analyze	Run actions/checkout@v4	2026-01-06T13:37:41.7779330Z [command]"C:\Program Files\Git\bin\git.exe" log -1 --format=%H
analyze	Run actions/checkout@v4	2026-01-06T13:37:41.8032211Z 5408387db1ce80dd74d8059371b88253b08a4f9c
analyze	Generate Matrix	﻿2026-01-06T13:37:41.8416550Z ##[group]Run $Matrix = ./.agent/scripts/ci_analyze.ps1 -BaseRef HEAD~1
analyze	Generate Matrix	2026-01-06T13:37:41.8417145Z [36;1m$Matrix = ./.agent/scripts/ci_analyze.ps1 -BaseRef HEAD~1[0m
analyze	Generate Matrix	2026-01-06T13:37:41.8417507Z [36;1mecho "matrix=$Matrix" >> $env:GITHUB_OUTPUT[0m
analyze	Generate Matrix	2026-01-06T13:37:41.9214929Z shell: C:\Program Files\PowerShell\7\pwsh.EXE -command ". '{0}'"
analyze	Generate Matrix	2026-01-06T13:37:41.9215773Z ##[endgroup]
analyze	Generate Matrix	2026-01-06T13:37:47.5847435Z usage: git diff [<options>] [<commit>] [--] [<path>...]
analyze	Generate Matrix	2026-01-06T13:37:47.5848923Z    or: git diff [<options>] --cached [--merge-base] [<commit>] [--] [<path>...]
analyze	Generate Matrix	2026-01-06T13:37:47.5849761Z    or: git diff [<options>] [--merge-base] <commit> [<commit>...] <commit> [--] [<path>...]
analyze	Generate Matrix	2026-01-06T13:37:47.5850409Z    or: git diff [<options>] <commit>...<commit> [--] [<path>...]
analyze	Generate Matrix	2026-01-06T13:37:47.5850881Z    or: git diff [<options>] <blob> <blob>
analyze	Generate Matrix	2026-01-06T13:37:47.5851469Z    or: git diff [<options>] --no-index [--] <path> <path> [<pathspec>...]
analyze	Generate Matrix	2026-01-06T13:37:47.5851890Z 
analyze	Generate Matrix	2026-01-06T13:37:47.5852112Z common diff options:
analyze	Generate Matrix	2026-01-06T13:37:47.5852489Z   -z            output diff-raw with lines terminated with NUL.
analyze	Generate Matrix	2026-01-06T13:37:47.5852914Z   -p            output patch format.
analyze	Generate Matrix	2026-01-06T13:37:47.5853162Z   -u            synonym for -p.
analyze	Generate Matrix	2026-01-06T13:37:47.5853384Z   --patch-with-raw
analyze	Generate Matrix	2026-01-06T13:37:47.5853705Z                 output both a patch and the diff-raw format.
analyze	Generate Matrix	2026-01-06T13:37:47.5854143Z   --stat        show diffstat instead of patch.
analyze	Generate Matrix	2026-01-06T13:37:47.5854509Z   --numstat     show numeric diffstat instead of patch.
analyze	Generate Matrix	2026-01-06T13:37:47.5854928Z   --patch-with-stat
analyze	Generate Matrix	2026-01-06T13:37:47.5855289Z                 output a patch and prepend its diffstat.
analyze	Generate Matrix	2026-01-06T13:37:47.5855689Z   --name-only   show only names of changed files.
analyze	Generate Matrix	2026-01-06T13:37:47.5856015Z   --name-status show names and status of changed files.
analyze	Generate Matrix	2026-01-06T13:37:47.5856382Z   --full-index  show full object name on index lines.
analyze	Generate Matrix	2026-01-06T13:37:47.5856770Z   --abbrev=<n>  abbreviate object names in diff-tree header and diff-raw.
analyze	Generate Matrix	2026-01-06T13:37:47.5857173Z   -R            swap input file pairs.
analyze	Generate Matrix	2026-01-06T13:37:47.5857424Z   -B            detect complete rewrites.
analyze	Generate Matrix	2026-01-06T13:37:47.5857676Z   -M            detect renames.
analyze	Generate Matrix	2026-01-06T13:37:47.5857907Z   -C            detect copies.
analyze	Generate Matrix	2026-01-06T13:37:47.5858134Z   --find-copies-harder
analyze	Generate Matrix	2026-01-06T13:37:47.5858527Z                 try unchanged files as candidate for copy detection.
analyze	Generate Matrix	2026-01-06T13:37:47.5858959Z   -l<n>         limit rename attempts up to <n> paths.
analyze	Generate Matrix	2026-01-06T13:37:47.5859494Z   -O<file>      reorder diffs according to the <file>.
analyze	Generate Matrix	2026-01-06T13:37:47.5859863Z   -S<string>    find filepair whose only one side contains the string.
analyze	Generate Matrix	2026-01-06T13:37:47.5860196Z   --pickaxe-all
analyze	Generate Matrix	2026-01-06T13:37:47.5860428Z                 show all files diff when -S is used and hit is found.
analyze	Generate Matrix	2026-01-06T13:37:47.5860742Z   -a  --text    treat all files as text.
analyze	Generate Matrix	2026-01-06T13:37:47.5860921Z 
analyze	Generate Matrix	2026-01-06T13:37:48.1547473Z {"include":[]}
analyze	Generate Matrix	2026-01-06T13:37:48.5926390Z ##[error]Process completed with exit code 1.
analyze	Post Run actions/checkout@v4	﻿2026-01-06T13:37:48.6185400Z Post job cleanup.
analyze	Post Run actions/checkout@v4	2026-01-06T13:37:48.8461406Z [command]"C:\Program Files\Git\bin\git.exe" version
analyze	Post Run actions/checkout@v4	2026-01-06T13:37:48.8727899Z git version 2.52.0.windows.1
analyze	Post Run actions/checkout@v4	2026-01-06T13:37:48.8799886Z Temporarily overriding HOME='D:\a\_temp\db441bf8-af18-48d6-908f-9c18f14e5394' before making global git config changes
analyze	Post Run actions/checkout@v4	2026-01-06T13:37:48.8800748Z Adding repository directory to the temporary git global config as a safe directory
analyze	Post Run actions/checkout@v4	2026-01-06T13:37:48.8810700Z [command]"C:\Program Files\Git\bin\git.exe" config --global --add safe.directory D:\a\SeedSphere\SeedSphere
analyze	Post Run actions/checkout@v4	2026-01-06T13:37:48.9099932Z [command]"C:\Program Files\Git\bin\git.exe" config --local --name-only --get-regexp core\.sshCommand
analyze	Post Run actions/checkout@v4	2026-01-06T13:37:48.9386151Z [command]"C:\Program Files\Git\bin\git.exe" submodule foreach --recursive "sh -c \"git config --local --name-only --get-regexp 'core\.sshCommand' && git config --local --unset-all 'core.sshCommand' || :\""
analyze	Post Run actions/checkout@v4	2026-01-06T13:37:49.4590166Z [command]"C:\Program Files\Git\bin\git.exe" config --local --name-only --get-regexp http\.https\:\/\/github\.com\/\.extraheader
analyze	Post Run actions/checkout@v4	2026-01-06T13:37:49.4844151Z http.https://github.com/.extraheader
analyze	Post Run actions/checkout@v4	2026-01-06T13:37:49.4885729Z [command]"C:\Program Files\Git\bin\git.exe" config --local --unset-all http.https://github.com/.extraheader
analyze	Post Run actions/checkout@v4	2026-01-06T13:37:49.5175794Z [command]"C:\Program Files\Git\bin\git.exe" submodule foreach --recursive "sh -c \"git config --local --name-only --get-regexp 'http\.https\:\/\/github\.com\/\.extraheader' && git config --local --unset-all 'http.https://github.com/.extraheader' || :\""
analyze	Post Run actions/checkout@v4	2026-01-06T13:37:50.0299577Z [command]"C:\Program Files\Git\bin\git.exe" config --local --name-only --get-regexp ^includeIf\.gitdir:
analyze	Post Run actions/checkout@v4	2026-01-06T13:37:50.0591007Z [command]"C:\Program Files\Git\bin\git.exe" submodule foreach --recursive "git config --local --show-origin --name-only --get-regexp remote.origin.url"
analyze	Complete job	﻿2026-01-06T13:37:50.5854250Z Evaluate and set job outputs
analyze	Complete job	2026-01-06T13:37:50.5861143Z Cleaning up orphan processes
